<?xml version="1.0" encoding="UTF-8"?>
<!-- Generated by org.testng.reporters.JUnitXMLReporter -->
<testsuite ignored="0" hostname="DESKTOP-QQJINFP" failures="0" tests="7" name="Test" time="24.847" errors="0" timestamp="2024-12-02T09:04:04 ART">
  <testcase classname="pruebas.PracticaM5" name="login" time="3.343"/>
  <testcase classname="pruebas.PracticaM5" name="login" time="2.283"/>
  <testcase classname="pruebas.PracticaM5" name="login" time="2.744"/>
  <testcase classname="pruebas.PracticaM5" name="login" time="2.867"/>
  <testcase classname="pruebas.PracticaM5" name="login" time="4.289"/>
  <testcase classname="pruebas.PracticaM5" name="login" time="3.852"/>
  <testcase classname="pruebas.PracticaM5" name="login" time="3.544"/>
</testsuite> <!-- Test -->
