<?xml version="1.0" encoding="UTF-8" ?>
<testsuite tests="26" failures="1" name="TestSuite" time="104.076" errors="0" skipped="25">
  <properties>
[...]
</properties>
  <testcase classname="pruebas.PracticaM4bTest" name="setUp" time="103.778">
    <failure message="
Parameter &apos;navegador&apos; is required by BeforeTest on method setUp but has not been marked @Optional or defined
" type="org.testng.TestNGException">org.testng.TestNGException: 
Parameter &apos;navegador&apos; is required by BeforeTest on method setUp but has not been marked @Optional or defined

	at org.testng.internal.Parameters.createParams(Parameters.java:264)
	at org.testng.internal.Parameters.createParametersForMethod(Parameters.java:352)
	at org.testng.internal.Parameters.createParameters(Parameters.java:690)
	at org.testng.internal.Parameters.createConfigurationParameters(Parameters.java:163)
	at org.testng.internal.invokers.ConfigInvoker.invokeConfigurations(ConfigInvoker.java:313)
	at org.testng.TestRunner.invokeTestConfigurations(TestRunner.java:655)
	at org.testng.TestRunner.beforeRun(TestRunner.java:644)
	at org.testng.TestRunner.run(TestRunner.java:610)
	at org.testng.SuiteRunner.runTest(SuiteRunner.java:421)
	at org.testng.SuiteRunner.runSequentially(SuiteRunner.java:413)
	at org.testng.SuiteRunner.privateRun(SuiteRunner.java:373)
	at org.testng.SuiteRunner.run(SuiteRunner.java:312)
	at org.testng.SuiteRunnerWorker.runSuite(SuiteRunnerWorker.java:52)
	at org.testng.SuiteRunnerWorker.run(SuiteRunnerWorker.java:95)
	at org.testng.TestNG.runSuitesSequentially(TestNG.java:1274)
	at org.testng.TestNG.runSuitesLocally(TestNG.java:1208)
	at org.testng.TestNG.runSuites(TestNG.java:1112)
	at org.testng.TestNG.run(TestNG.java:1079)
	at org.apache.maven.surefire.testng.TestNGExecutor.run(TestNGExecutor.java:77)
	at org.apache.maven.surefire.testng.TestNGDirectoryTestSuite.executeMulti(TestNGDirectoryTestSuite.java:159)
	at org.apache.maven.surefire.testng.TestNGDirectoryTestSuite.execute(TestNGDirectoryTestSuite.java:99)
	at org.apache.maven.surefire.testng.TestNGProvider.invoke(TestNGProvider.java:106)
	at java.base/jdk.internal.reflect.DirectMethodHandleAccessor.invoke(DirectMethodHandleAccessor.java:103)
	at java.base/java.lang.reflect.Method.invoke(Method.java:580)
	at org.apache.maven.surefire.util.ReflectionUtils.invokeMethodWithArray(ReflectionUtils.java:189)
	at org.apache.maven.surefire.booter.ProviderFactory$ProviderProxy.invoke(ProviderFactory.java:165)
	at org.apache.maven.surefire.booter.ProviderFactory.invokeProvider(ProviderFactory.java:85)
	at org.apache.maven.surefire.booter.ForkedBooter.runSuitesInProcess(ForkedBooter.java:115)
	at org.apache.maven.surefire.booter.ForkedBooter.main(ForkedBooter.java:75)
</failure>
    <system-out>Configuring TestNG with: org.apache.maven.surefire.testng.conf.TestNG652Configurator@6615435c
</system-out>
    <system-err>SLF4J: Failed to load class &quot;org.slf4j.impl.StaticLoggerBinder&quot;.
SLF4J: Defaulting to no-operation (NOP) logger implementation
SLF4J: See http://www.slf4j.org/codes.html#StaticLoggerBinder for further details.
dic 09, 2024 9:16:54 A. M. org.openqa.selenium.devtools.CdpVersionFinder findNearestMatch
WARNING: Unable to find an exact match for CDP version 131, returning the closest version; found: 129; Please update to a Selenium version that supports CDP version 131
dic 09, 2024 9:17:20 A. M. org.openqa.selenium.devtools.CdpVersionFinder findNearestMatch
WARNING: Unable to find an exact match for CDP version 131, returning the closest version; found: 129; Please update to a Selenium version that supports CDP version 131
dic 09, 2024 9:17:33 A. M. org.openqa.selenium.devtools.CdpVersionFinder findNearestMatch
WARNING: Unable to find an exact match for CDP version 131, returning the closest version; found: 129; Please update to a Selenium version that supports CDP version 131
dic 09, 2024 9:17:41 A. M. org.openqa.selenium.devtools.CdpVersionFinder findNearestMatch
WARNING: Unable to find an exact match for CDP version 131, returning the closest version; found: 129; Please update to a Selenium version that supports CDP version 131
</system-err>
  </testcase>
  <testcase classname="edit.EducacionIT_74158.AccesoABaseDeDatosTest" name="testBaseDeDatos" time="0.001">
    <skipped/>
  </testcase>
  <testcase classname="edit.EducacionIT_74158.AppTest" name="testApp" time="0.001">
    <skipped/>
  </testcase>
  <testcase classname="edit.EducacionIT_74158.MobileEmulationTest" name="testMobileEmulation" time="0">
    <skipped/>
  </testcase>
  <testcase classname="edit.EducacionIT_74158.PracticaM1Test" name="buscarProductoEnEdge" time="0">
    <skipped/>
  </testcase>
  <testcase classname="edit.EducacionIT_74158.PracticaM1Test" name="buscarProductoEnFirefox" time="0">
    <skipped/>
  </testcase>
  <testcase classname="edit.EducacionIT_74158.PracticaM2Test" name="registrarUsuario" time="0">
    <skipped/>
  </testcase>
  <testcase classname="edit.EducacionIT_74158.PracticaM3Test" name="buscarProducto" time="0">
    <skipped/>
  </testcase>
  <testcase classname="edit.EducacionIT_74158.PracticaM3Test" name="irAAContactanos" time="0.001">
    <skipped/>
  </testcase>
  <testcase classname="edit.EducacionIT_74158.ScrollScreenshotTest" name="scrollScreenshotTest" time="0">
    <skipped/>
  </testcase>
  <testcase classname="pruebas.PracticaM4bTest" name="buscarPalabra" time="0">
    <skipped/>
  </testcase>
  <testcase classname="pruebas.PracticaM4Test" name="buscarPalabra" time="0">
    <skipped/>
  </testcase>
  <testcase classname="pruebas.PracticaM4Test" name="login" time="0">
    <skipped/>
  </testcase>
  <testcase classname="pruebas.PracticaM5bTest" name="alertaDemora" time="0">
    <skipped/>
  </testcase>
  <testcase classname="pruebas.PracticaM5bTest" name="alertaNotificacion" time="0">
    <skipped/>
  </testcase>
  <testcase classname="pruebas.PracticaM5Test" name="login" time="0">
    <skipped/>
    <system-out>2024-12-09T12:18:29.446649Z main ERROR Log4j2 could not find a logging implementation. Please add log4j-core to the classpath. Using SimpleLogger to log to the console...
Hoja1
</system-out>
  </testcase>
  <testcase classname="pruebas.PracticaM5Test" name="login" time="0">
    <skipped/>
  </testcase>
  <testcase classname="pruebas.PracticaM5Test" name="login" time="0">
    <skipped/>
  </testcase>
  <testcase classname="pruebas.PracticaM5Test" name="login" time="0">
    <skipped/>
  </testcase>
  <testcase classname="pruebas.PracticaM5Test" name="login" time="0">
    <skipped/>
  </testcase>
  <testcase classname="pruebas.PracticaM5Test" name="login" time="0">
    <skipped/>
  </testcase>
  <testcase classname="pruebas.PracticaM5Test" name="login" time="0">
    <skipped/>
  </testcase>
  <testcase classname="edit.EducacionIT_74158.PracticaM3Test" name="cerrarNavegador" time="0.073">
    <skipped/>
  </testcase>
  <testcase classname="pruebas.PracticaM4Test" name="tearDown" time="0.074">
    <skipped/>
  </testcase>
  <testcase classname="pruebas.PracticaM5Test" name="tearDown" time="0.074">
    <skipped/>
  </testcase>
  <testcase classname="pruebas.PracticaM5bTest" name="tearDown" time="0.074">
    <skipped/>
  </testcase>
</testsuite>