<?xml version="1.0" encoding="UTF-8"?>
<testng-results ignored="0" total="1" passed="1" failed="0" skipped="0">
  <reporter-output>
  </reporter-output>
  <suite started-at="2024-12-09T08:41:40 ART" name="Default suite" finished-at="2024-12-09T08:41:42 ART" duration-ms="2593">
    <groups>
    </groups>
    <test started-at="2024-12-09T08:41:40 ART" name="Default test" finished-at="2024-12-09T08:41:42 ART" duration-ms="2593">
      <class name="edit.EducacionIT_74158.AccesoABaseDeDatosTest">
        <test-method signature="testBaseDeDatos()[pri:0, instance:edit.EducacionIT_74158.AccesoABaseDeDatosTest@43bc63a3]" started-at="2024-12-09T08:41:40 ART" name="testBaseDeDatos" finished-at="2024-12-09T08:41:42 ART" duration-ms="2492" status="PASS">
          <reporter-output>
          </reporter-output>
        </test-method> <!-- testBaseDeDatos -->
      </class> <!-- edit.EducacionIT_74158.AccesoABaseDeDatosTest -->
    </test> <!-- Default test -->
  </suite> <!-- Default suite -->
</testng-results>
